<?xml version="1.0" encoding="UTF-8"?>
<!-- Generated by org.testng.reporters.JUnitXMLReporter -->
<testsuite hostname="LAPTOP-NGKP0VFT" tests="6" failures="0" timestamp="11 Aug 2019 07:20:20 GMT" time="1.419" errors="0">
  <testcase name="testAddBonus" time="0.166" classname="BonusAddTest"/>
  <testcase name="testSendBonusByMem" time="0.474" classname="BonusOperationTest"/>
  <testcase name="testSendBonusByMemLv" time="0.402" classname="BonusOperationTest"/>
  <testcase name="testViewBonusDetail" time="0.07" classname="BonusOperationTest"/>
  <testcase name="testBonusList" time="0.092" classname="BonusListTest"/>
  <testcase name="testDeleteBonus" time="0.167" classname="BonusDeleteTest"/>
</testsuite>
