<?xml version="1.0" encoding="UTF-8"?>
<!-- Generated by org.testng.reporters.JUnitXMLReporter -->
<testsuite hostname="LAPTOP-NGKP0VFT" tests="6" failures="0" timestamp="11 Aug 2019 07:20:17 GMT" time="3.406" errors="0">
  <testcase name="testAddCat" time="0.411" classname="CatAddTest"/>
  <testcase name="testAddsubCat" time="0.362" classname="CatAddTest"/>
  <testcase name="testCatList" time="0.63" classname="CatListTest"/>
  <testcase name="testOrderCat" time="1.853" classname="CatOrderTest"/>
  <testcase name="testDeleteCat" time="0.038" classname="CatDeleteTest"/>
  <testcase name="testDeleteSubCat" time="0.061" classname="CatDeleteTest"/>
</testsuite>
