<?xml version="1.0" encoding="UTF-8"?>
<!-- Generated by org.testng.reporters.JUnitXMLReporter -->
<testsuite hostname="LAPTOP-NGKP0VFT" tests="4" failures="0" timestamp="11 Aug 2019 07:20:17 GMT" time="0.524" errors="0">
  <testcase name="testAddBrand" time="0.154" classname="BrandAddTest"/>
  <testcase name="testBrandList" time="0.194" classname="BrandListTest"/>
  <testcase name="testSearchBrand" time="0.058" classname="BrandListTest"/>
  <testcase name="testDeleteBrand" time="0.067" classname="BrandDeleteTest"/>
</testsuite>
