<?xml version="1.0" encoding="UTF-8"?>
<!-- Generated by org.testng.reporters.JUnitXMLReporter -->
<testsuite hostname="LAPTOP-NGKP0VFT" tests="11" failures="0" timestamp="11 Aug 2019 07:20:13 GMT" time="4.383" errors="0">
  <testcase name="testAddGoods" time="1.298" classname="GoodsAddTest"/>
  <testcase name="testDismissParam" time="0.187" classname="GoodsAddTest"/>
  <testcase name="testAddDuplicateGoods" time="0.163" classname="GoodsAddTest"/>
  <testcase name="testGoodsList" time="0.177" classname="GoodsListTest"/>
  <testcase name="testSearchByGoodsname" time="0.106" classname="GoodsListTest"/>
  <testcase name="testSearchGoodsByCat" time="0.139" classname="GoodsListTest"/>
  <testcase name="testOldGoodsSaveStock" time="0.645" classname="GoodsStoreTest"/>
  <testcase name="testSaveStock" time="0.667" classname="GoodsStoreTest"/>
  <testcase name="testMaintanceStore" time="0.602" classname="GoodsStoreTest"/>
  <testcase name="testSearchStore" time="0.082" classname="GoodsStoreListTest"/>
  <testcase name="testDeleteGoods" time="0.231" classname="GoodsDeleteTest"/>
</testsuite>
