<?xml version="1.0" encoding="UTF-8"?>
<!-- Generated by org.testng.reporters.JUnitXMLReporter -->
<testsuite hostname="LAPTOP-NGKP0VFT" tests="5" failures="0" timestamp="11 Aug 2019 07:20:19 GMT" time="1.177" errors="0">
  <testcase name="testAddType" time="0.265" classname="TypeAddTest"/>
  <testcase name="testSaveBrand" time="0.29" classname="TypeSetTest"/>
  <testcase name="testSaveParam" time="0.198" classname="TypeSetTest"/>
  <testcase name="testSaveProps" time="0.231" classname="TypeSetTest"/>
  <testcase name="testTypeList" time="0.155" classname="TypeListTest"/>
</testsuite>
