<?xml version="1.0" encoding="UTF-8"?>
<testsuite xmlns:xsi="http://www.w3.org/2001/XMLSchema-instance" xsi:schemaLocation="https://maven.apache.org/surefire/maven-surefire-plugin/xsd/surefire-test-report.xsd" name="TestSuite" time="15.635" tests="42" errors="0" skipped="0" failures="1">
  <properties>
[...]
</properties>
  <testcase name="testAddUser" classname="UserAddTest" time="0.645"/>
  <testcase name="testDismissParam" classname="UserAddTest" time="0.103"/>
  <testcase name="testAddDuplicateUser" classname="UserAddTest" time="0.046"/>
  <testcase name="testDismissParam" classname="UserEditTest" time="0.082"/>
  <testcase name="testEditMember1" classname="UserEditTest" time="0.15"/>
  <testcase name="testEditMember1" classname="UserEditTest" time="0.158"/>
  <testcase name="testSpeChar" classname="UserEditTest" time="0.126"/>
  <testcase name="testSearchByuname" classname="UserListTest" time="0.074"/>
  <testcase name="testDeleteUser" classname="UserDeleteTest" time="0.052"/>
  <testcase name="testDeleteNotExistUser" classname="UserDeleteTest" time="0.048">
    <failure message="expected [0] but found [1]" type="java.lang.AssertionError">java.lang.AssertionError: expected [0] but found [1]
	at UserDeleteTest.testDeleteNotExistUser(UserDeleteTest.java:53)
</failure>
    <system-out><![CDATA[testDeleteUser 运行通过************
testDeleteNotExistUser开始执行**************
DeleteUser响应结果--------------{"result":1,"message":"删除成功"}
]]></system-out>
  </testcase>
  <testcase name="testAddGoods" classname="GoodsAddTest" time="1.297"/>
  <testcase name="testDismissParam" classname="GoodsAddTest" time="0.187"/>
  <testcase name="testAddDuplicateGoods" classname="GoodsAddTest" time="0.162"/>
  <testcase name="testGoodsList" classname="GoodsListTest" time="0.18"/>
  <testcase name="testSearchByGoodsname" classname="GoodsListTest" time="0.106"/>
  <testcase name="testSearchGoodsByCat" classname="GoodsListTest" time="0.136"/>
  <testcase name="testOldGoodsSaveStock" classname="GoodsStoreTest" time="0.645"/>
  <testcase name="testSaveStock" classname="GoodsStoreTest" time="0.666"/>
  <testcase name="testMaintanceStore" classname="GoodsStoreTest" time="0.602"/>
  <testcase name="testSearchStore" classname="GoodsStoreListTest" time="0.082"/>
  <testcase name="testDeleteGoods" classname="GoodsDeleteTest" time="0.231"/>
  <testcase name="testAddCat" classname="CatAddTest" time="0.411"/>
  <testcase name="testAddsubCat" classname="CatAddTest" time="0.362"/>
  <testcase name="testCatList" classname="CatListTest" time="0.629"/>
  <testcase name="testOrderCat" classname="CatOrderTest" time="1.853"/>
  <testcase name="testDeleteCat" classname="CatDeleteTest" time="0.04"/>
  <testcase name="testDeleteSubCat" classname="CatDeleteTest" time="0.064"/>
  <testcase name="testAddBrand" classname="BrandAddTest" time="0.154"/>
  <testcase name="testBrandList" classname="BrandListTest" time="0.197"/>
  <testcase name="testSearchBrand" classname="BrandListTest" time="0.056"/>
  <testcase name="testDeleteBrand" classname="BrandDeleteTest" time="0.068"/>
  <testcase name="testAddType" classname="TypeAddTest" time="0.264"/>
  <testcase name="testSaveBrand" classname="TypeSetTest" time="0.29"/>
  <testcase name="testSaveParam" classname="TypeSetTest" time="0.197"/>
  <testcase name="testSaveProps" classname="TypeSetTest" time="0.229"/>
  <testcase name="testTypeList" classname="TypeListTest" time="0.155"/>
  <testcase name="testAddBonus" classname="BonusAddTest" time="0.167"/>
  <testcase name="testSendBonusByMem" classname="BonusOperationTest" time="0.474"/>
  <testcase name="testSendBonusByMemLv" classname="BonusOperationTest" time="0.401"/>
  <testcase name="testViewBonusDetail" classname="BonusOperationTest" time="0.071"/>
  <testcase name="testBonusList" classname="BonusListTest" time="0.092"/>
  <testcase name="testDeleteBonus" classname="BonusDeleteTest" time="0.168"/>
</testsuite>