<?xml version="1.0" encoding="UTF-8"?>
<testng-results skipped="0" failed="1" total="42" passed="41">
  <reporter-output>
  </reporter-output>
  <suite name="Suite" duration-ms="13957" started-at="2019-08-11T07:20:06Z" finished-at="2019-08-11T07:20:20Z">
    <groups>
    </groups>
    <test name="会员管理" duration-ms="2225" started-at="2019-08-11T07:20:06Z" finished-at="2019-08-11T07:20:08Z">
      <class name="UserListTest">
        <test-method status="PASS" signature="setUp()[pri:0, instance:UserListTest@2c039ac6]" name="setUp" is-config="true" duration-ms="13" started-at="2019-08-11T15:20:08Z" finished-at="2019-08-11T15:20:08Z">
          <reporter-output>
          </reporter-output>
        </test-method> <!-- setUp -->
        <test-method status="PASS" signature="testSearchByuname()[pri:0, instance:UserListTest@2c039ac6]" name="testSearchByuname" duration-ms="73" started-at="2019-08-11T15:20:08Z" description="根据用户名搜索" finished-at="2019-08-11T15:20:08Z">
          <reporter-output>
          </reporter-output>
        </test-method> <!-- testSearchByuname -->
        <test-method status="PASS" signature="tearDown()[pri:0, instance:UserListTest@2c039ac6]" name="tearDown" is-config="true" duration-ms="0" started-at="2019-08-11T15:20:08Z" finished-at="2019-08-11T15:20:08Z">
          <reporter-output>
          </reporter-output>
        </test-method> <!-- tearDown -->
      </class> <!-- UserListTest -->
      <class name="UserDeleteTest">
        <test-method status="PASS" signature="setUp()[pri:0, instance:UserDeleteTest@587d1d39]" name="setUp" is-config="true" duration-ms="13" started-at="2019-08-11T15:20:08Z" finished-at="2019-08-11T15:20:08Z">
          <reporter-output>
          </reporter-output>
        </test-method> <!-- setUp -->
        <test-method status="PASS" signature="testDeleteUser()[pri:0, instance:UserDeleteTest@587d1d39]" name="testDeleteUser" duration-ms="55" started-at="2019-08-11T15:20:08Z" description="正常删除" finished-at="2019-08-11T15:20:08Z">
          <reporter-output>
          </reporter-output>
        </test-method> <!-- testDeleteUser -->
        <test-method status="FAIL" signature="testDeleteNotExistUser()[pri:0, instance:UserDeleteTest@587d1d39]" name="testDeleteNotExistUser" duration-ms="40" started-at="2019-08-11T15:20:08Z" description="删除已经不存在的数据" depends-on-methods="UserDeleteTest.testDeleteUser" finished-at="2019-08-11T15:20:08Z">
          <exception class="java.lang.AssertionError">
            <message>
              <![CDATA[expected [0] but found [1]]]>
            </message>
            <full-stacktrace>
              <![CDATA[java.lang.AssertionError: expected [0] but found [1]
	at org.testng.Assert.fail(Assert.java:94)
	at org.testng.Assert.failNotEquals(Assert.java:513)
	at org.testng.Assert.assertEqualsImpl(Assert.java:135)
	at org.testng.Assert.assertEquals(Assert.java:116)
	at org.testng.Assert.assertEquals(Assert.java:389)
	at org.testng.Assert.assertEquals(Assert.java:399)
	at UserDeleteTest.testDeleteNotExistUser(UserDeleteTest.java:53)
	at sun.reflect.NativeMethodAccessorImpl.invoke0(Native Method)
	at sun.reflect.NativeMethodAccessorImpl.invoke(NativeMethodAccessorImpl.java:62)
	at sun.reflect.DelegatingMethodAccessorImpl.invoke(DelegatingMethodAccessorImpl.java:43)
	at java.lang.reflect.Method.invoke(Method.java:497)
	at org.testng.internal.MethodInvocationHelper.invokeMethod(MethodInvocationHelper.java:86)
	at org.testng.internal.Invoker.invokeMethod(Invoker.java:643)
	at org.testng.internal.Invoker.invokeTestMethod(Invoker.java:820)
	at org.testng.internal.Invoker.invokeTestMethods(Invoker.java:1128)
	at org.testng.internal.TestMethodWorker.invokeTestMethods(TestMethodWorker.java:129)
	at org.testng.internal.TestMethodWorker.run(TestMethodWorker.java:112)
	at org.testng.TestRunner.privateRun(TestRunner.java:782)
	at org.testng.TestRunner.run(TestRunner.java:632)
	at org.testng.SuiteRunner.runTest(SuiteRunner.java:366)
	at org.testng.SuiteRunner.runSequentially(SuiteRunner.java:361)
	at org.testng.SuiteRunner.privateRun(SuiteRunner.java:319)
	at org.testng.SuiteRunner.run(SuiteRunner.java:268)
	at org.testng.SuiteRunnerWorker.runSuite(SuiteRunnerWorker.java:52)
	at org.testng.SuiteRunnerWorker.run(SuiteRunnerWorker.java:86)
	at org.testng.TestNG.runSuitesSequentially(TestNG.java:1244)
	at org.testng.TestNG.runSuitesLocally(TestNG.java:1169)
	at org.testng.TestNG.run(TestNG.java:1064)
	at org.apache.maven.surefire.testng.TestNGExecutor.run(TestNGExecutor.java:281)
	at org.apache.maven.surefire.testng.TestNGXmlTestSuite.execute(TestNGXmlTestSuite.java:75)
	at org.apache.maven.surefire.testng.TestNGProvider.invoke(TestNGProvider.java:121)
	at org.apache.maven.surefire.booter.ForkedBooter.invokeProviderInSameClassLoader(ForkedBooter.java:290)
	at org.apache.maven.surefire.booter.ForkedBooter.runSuitesInProcess(ForkedBooter.java:242)
	at org.apache.maven.surefire.booter.ForkedBooter.main(ForkedBooter.java:121)
]]>
            </full-stacktrace>
          </exception> <!-- java.lang.AssertionError -->
          <reporter-output>
          </reporter-output>
        </test-method> <!-- testDeleteNotExistUser -->
        <test-method status="PASS" signature="tearDown()[pri:0, instance:UserDeleteTest@587d1d39]" name="tearDown" is-config="true" duration-ms="1" started-at="2019-08-11T15:20:08Z" finished-at="2019-08-11T15:20:08Z">
          <reporter-output>
          </reporter-output>
        </test-method> <!-- tearDown -->
      </class> <!-- UserDeleteTest -->
      <class name="UserEditTest">
        <test-method status="PASS" signature="setUp()[pri:0, instance:UserEditTest@9a7504c]" name="setUp" is-config="true" duration-ms="12" started-at="2019-08-11T15:20:08Z" finished-at="2019-08-11T15:20:08Z">
          <reporter-output>
          </reporter-output>
        </test-method> <!-- setUp -->
        <test-method status="PASS" signature="testDismissParam()[pri:0, instance:UserEditTest@9a7504c]" name="testDismissParam" duration-ms="83" started-at="2019-08-11T15:20:08Z" description="缺少参数" finished-at="2019-08-11T15:20:08Z">
          <reporter-output>
          </reporter-output>
        </test-method> <!-- testDismissParam -->
        <test-method status="PASS" signature="testEditMember1(java.lang.String, java.lang.String, java.lang.String, java.lang.String, java.lang.String, java.lang.String)[pri:0, instance:UserEditTest@9a7504c]" name="testEditMember1" duration-ms="151" started-at="2019-08-11T15:20:08Z" description="修改会员" data-provider="region" finished-at="2019-08-11T15:20:08Z">
          <params>
            <param index="0">
              <value>
                <![CDATA[1]]>
              </value>
            </param>
            <param index="1">
              <value>
                <![CDATA[北京]]>
              </value>
            </param>
            <param index="2">
              <value>
                <![CDATA[40]]>
              </value>
            </param>
            <param index="3">
              <value>
                <![CDATA[怀柔区]]>
              </value>
            </param>
            <param index="4">
              <value>
                <![CDATA[458]]>
              </value>
            </param>
            <param index="5">
              <value>
                <![CDATA[怀柔区]]>
              </value>
            </param>
          </params>
          <reporter-output>
          </reporter-output>
        </test-method> <!-- testEditMember1 -->
        <test-method status="PASS" signature="testEditMember1(java.lang.String, java.lang.String, java.lang.String, java.lang.String, java.lang.String, java.lang.String)[pri:0, instance:UserEditTest@9a7504c]" name="testEditMember1" duration-ms="157" started-at="2019-08-11T15:20:08Z" description="修改会员" data-provider="region" finished-at="2019-08-11T15:20:08Z">
          <params>
            <param index="0">
              <value>
                <![CDATA[2]]>
              </value>
            </param>
            <param index="1">
              <value>
                <![CDATA[上海]]>
              </value>
            </param>
            <param index="2">
              <value>
                <![CDATA[56]]>
              </value>
            </param>
            <param index="3">
              <value>
                <![CDATA[静安区]]>
              </value>
            </param>
            <param index="4">
              <value>
                <![CDATA[474]]>
              </value>
            </param>
            <param index="5">
              <value>
                <![CDATA[静安区]]>
              </value>
            </param>
          </params>
          <reporter-output>
          </reporter-output>
        </test-method> <!-- testEditMember1 -->
        <test-method status="PASS" signature="testSpeChar()[pri:0, instance:UserEditTest@9a7504c]" name="testSpeChar" duration-ms="125" started-at="2019-08-11T15:20:08Z" description="特殊字符" finished-at="2019-08-11T15:20:08Z">
          <reporter-output>
          </reporter-output>
        </test-method> <!-- testSpeChar -->
        <test-method status="PASS" signature="tearDown()[pri:0, instance:UserEditTest@9a7504c]" name="tearDown" is-config="true" duration-ms="1" started-at="2019-08-11T15:20:08Z" finished-at="2019-08-11T15:20:08Z">
          <reporter-output>
          </reporter-output>
        </test-method> <!-- tearDown -->
      </class> <!-- UserEditTest -->
      <class name="UserAddTest">
        <test-method status="PASS" signature="setUp()[pri:0, instance:UserAddTest@3e57cd70]" name="setUp" is-config="true" duration-ms="655" started-at="2019-08-11T15:20:06Z" finished-at="2019-08-11T15:20:07Z">
          <reporter-output>
          </reporter-output>
        </test-method> <!-- setUp -->
        <test-method status="PASS" signature="testAddUser()[pri:0, instance:UserAddTest@3e57cd70]" name="testAddUser" duration-ms="645" started-at="2019-08-11T15:20:07Z" description="新增用户正常流程" finished-at="2019-08-11T15:20:07Z">
          <reporter-output>
          </reporter-output>
        </test-method> <!-- testAddUser -->
        <test-method status="PASS" signature="testDismissParam()[pri:0, instance:UserAddTest@3e57cd70]" name="testDismissParam" duration-ms="103" started-at="2019-08-11T15:20:07Z" description="缺少参数" finished-at="2019-08-11T15:20:08Z">
          <reporter-output>
          </reporter-output>
        </test-method> <!-- testDismissParam -->
        <test-method status="PASS" signature="testAddDuplicateUser()[pri:0, instance:UserAddTest@3e57cd70]" name="testAddDuplicateUser" duration-ms="46" started-at="2019-08-11T15:20:08Z" description="添加重复的用户" depends-on-methods="UserAddTest.testAddUser" finished-at="2019-08-11T15:20:08Z">
          <reporter-output>
          </reporter-output>
        </test-method> <!-- testAddDuplicateUser -->
        <test-method status="PASS" signature="tearDown()[pri:0, instance:UserAddTest@3e57cd70]" name="tearDown" is-config="true" duration-ms="3" started-at="2019-08-11T15:20:08Z" finished-at="2019-08-11T15:20:08Z">
          <reporter-output>
          </reporter-output>
        </test-method> <!-- tearDown -->
      </class> <!-- UserAddTest -->
    </test> <!-- 会员管理 -->
    <test name="商品管理" duration-ms="4383" started-at="2019-08-11T07:20:09Z" finished-at="2019-08-11T07:20:13Z">
      <class name="GoodsStoreListTest">
        <test-method status="PASS" signature="setUp()[pri:0, instance:GoodsStoreListTest@13c27452]" name="setUp" is-config="true" duration-ms="12" started-at="2019-08-11T15:20:13Z" finished-at="2019-08-11T15:20:13Z">
          <reporter-output>
          </reporter-output>
        </test-method> <!-- setUp -->
        <test-method status="PASS" signature="testSearchStore()[pri:0, instance:GoodsStoreListTest@13c27452]" name="testSearchStore" duration-ms="82" started-at="2019-08-11T15:20:13Z" description="库存列表根据名称或者编号搜索" finished-at="2019-08-11T15:20:13Z">
          <reporter-output>
          </reporter-output>
        </test-method> <!-- testSearchStore -->
        <test-method status="PASS" signature="tearDown()[pri:0, instance:GoodsStoreListTest@13c27452]" name="tearDown" is-config="true" duration-ms="1" started-at="2019-08-11T15:20:13Z" finished-at="2019-08-11T15:20:13Z">
          <reporter-output>
          </reporter-output>
        </test-method> <!-- tearDown -->
      </class> <!-- GoodsStoreListTest -->
      <class name="GoodsListTest">
        <test-method status="PASS" signature="setUp()[pri:0, instance:GoodsListTest@46daef40]" name="setUp" is-config="true" duration-ms="17" started-at="2019-08-11T15:20:10Z" finished-at="2019-08-11T15:20:10Z">
          <reporter-output>
          </reporter-output>
        </test-method> <!-- setUp -->
        <test-method status="PASS" signature="testGoodsList()[pri:0, instance:GoodsListTest@46daef40]" name="testGoodsList" duration-ms="177" started-at="2019-08-11T15:20:10Z" description="商品列表" finished-at="2019-08-11T15:20:11Z">
          <reporter-output>
          </reporter-output>
        </test-method> <!-- testGoodsList -->
        <test-method status="PASS" signature="testSearchByGoodsname()[pri:0, instance:GoodsListTest@46daef40]" name="testSearchByGoodsname" duration-ms="106" started-at="2019-08-11T15:20:11Z" description="根据商品名称搜索" finished-at="2019-08-11T15:20:11Z">
          <reporter-output>
          </reporter-output>
        </test-method> <!-- testSearchByGoodsname -->
        <test-method status="PASS" signature="testSearchGoodsByCat()[pri:0, instance:GoodsListTest@46daef40]" name="testSearchGoodsByCat" duration-ms="139" started-at="2019-08-11T15:20:11Z" description="根据类别查询商品" finished-at="2019-08-11T15:20:11Z">
          <reporter-output>
          </reporter-output>
        </test-method> <!-- testSearchGoodsByCat -->
        <test-method status="PASS" signature="tearDown()[pri:0, instance:GoodsListTest@46daef40]" name="tearDown" is-config="true" duration-ms="1" started-at="2019-08-11T15:20:11Z" finished-at="2019-08-11T15:20:11Z">
          <reporter-output>
          </reporter-output>
        </test-method> <!-- tearDown -->
      </class> <!-- GoodsListTest -->
      <class name="GoodsStoreTest">
        <test-method status="PASS" signature="setUp()[pri:0, instance:GoodsStoreTest@12f41634]" name="setUp" is-config="true" duration-ms="14" started-at="2019-08-11T15:20:11Z" finished-at="2019-08-11T15:20:11Z">
          <reporter-output>
          </reporter-output>
        </test-method> <!-- setUp -->
        <test-method status="PASS" signature="testOldGoodsSaveStock()[pri:0, instance:GoodsStoreTest@12f41634]" name="testOldGoodsSaveStock" duration-ms="645" started-at="2019-08-11T15:20:11Z" description="已有库存商品进货" finished-at="2019-08-11T15:20:12Z">
          <reporter-output>
          </reporter-output>
        </test-method> <!-- testOldGoodsSaveStock -->
        <test-method status="PASS" signature="testSaveStock()[pri:0, instance:GoodsStoreTest@12f41634]" name="testSaveStock" duration-ms="667" started-at="2019-08-11T15:20:12Z" description="新商品进货" finished-at="2019-08-11T15:20:12Z">
          <reporter-output>
          </reporter-output>
        </test-method> <!-- testSaveStock -->
        <test-method status="PASS" signature="testMaintanceStore()[pri:0, instance:GoodsStoreTest@12f41634]" name="testMaintanceStore" duration-ms="602" started-at="2019-08-11T15:20:12Z" description="库存维护" depends-on-methods="GoodsStoreTest.testSaveStock" finished-at="2019-08-11T15:20:13Z">
          <reporter-output>
          </reporter-output>
        </test-method> <!-- testMaintanceStore -->
        <test-method status="PASS" signature="tearDown()[pri:0, instance:GoodsStoreTest@12f41634]" name="tearDown" is-config="true" duration-ms="0" started-at="2019-08-11T15:20:13Z" finished-at="2019-08-11T15:20:13Z">
          <reporter-output>
          </reporter-output>
        </test-method> <!-- tearDown -->
      </class> <!-- GoodsStoreTest -->
      <class name="GoodsAddTest">
        <test-method status="PASS" signature="setUp()[pri:0, instance:GoodsAddTest@44c8afef]" name="setUp" is-config="true" duration-ms="19" started-at="2019-08-11T15:20:09Z" finished-at="2019-08-11T15:20:09Z">
          <reporter-output>
          </reporter-output>
        </test-method> <!-- setUp -->
        <test-method status="PASS" signature="testAddGoods()[pri:0, instance:GoodsAddTest@44c8afef]" name="testAddGoods" duration-ms="1298" started-at="2019-08-11T15:20:09Z" description="新增商品" finished-at="2019-08-11T15:20:10Z">
          <reporter-output>
          </reporter-output>
        </test-method> <!-- testAddGoods -->
        <test-method status="PASS" signature="testDismissParam()[pri:0, instance:GoodsAddTest@44c8afef]" name="testDismissParam" duration-ms="187" started-at="2019-08-11T15:20:10Z" description="缺少参数" finished-at="2019-08-11T15:20:10Z">
          <reporter-output>
          </reporter-output>
        </test-method> <!-- testDismissParam -->
        <test-method status="PASS" signature="testAddDuplicateGoods()[pri:0, instance:GoodsAddTest@44c8afef]" name="testAddDuplicateGoods" duration-ms="163" started-at="2019-08-11T15:20:10Z" description="添加重复商品" depends-on-methods="GoodsAddTest.testAddGoods" finished-at="2019-08-11T15:20:10Z">
          <reporter-output>
          </reporter-output>
        </test-method> <!-- testAddDuplicateGoods -->
        <test-method status="PASS" signature="tearDown()[pri:0, instance:GoodsAddTest@44c8afef]" name="tearDown" is-config="true" duration-ms="1" started-at="2019-08-11T15:20:10Z" finished-at="2019-08-11T15:20:10Z">
          <reporter-output>
          </reporter-output>
        </test-method> <!-- tearDown -->
      </class> <!-- GoodsAddTest -->
      <class name="GoodsDeleteTest">
        <test-method status="PASS" signature="setUp()[pri:0, instance:GoodsDeleteTest@262b2c86]" name="setUp" is-config="true" duration-ms="11" started-at="2019-08-11T15:20:13Z" finished-at="2019-08-11T15:20:13Z">
          <reporter-output>
          </reporter-output>
        </test-method> <!-- setUp -->
        <test-method status="PASS" signature="testDeleteGoods()[pri:0, instance:GoodsDeleteTest@262b2c86]" name="testDeleteGoods" duration-ms="231" started-at="2019-08-11T15:20:13Z" description="删除商品" finished-at="2019-08-11T15:20:13Z">
          <reporter-output>
          </reporter-output>
        </test-method> <!-- testDeleteGoods -->
        <test-method status="PASS" signature="tearDown()[pri:0, instance:GoodsDeleteTest@262b2c86]" name="tearDown" is-config="true" duration-ms="1" started-at="2019-08-11T15:20:13Z" finished-at="2019-08-11T15:20:13Z">
          <reporter-output>
          </reporter-output>
        </test-method> <!-- tearDown -->
      </class> <!-- GoodsDeleteTest -->
    </test> <!-- 商品管理 -->
    <test name="分类管理" duration-ms="3406" started-at="2019-08-11T07:20:13Z" finished-at="2019-08-11T07:20:17Z">
      <class name="CatOrderTest">
        <test-method status="PASS" signature="setUp()[pri:0, instance:CatOrderTest@4d3167f4]" name="setUp" is-config="true" duration-ms="12" started-at="2019-08-11T15:20:15Z" finished-at="2019-08-11T15:20:15Z">
          <reporter-output>
          </reporter-output>
        </test-method> <!-- setUp -->
        <test-method status="PASS" signature="testOrderCat()[pri:0, instance:CatOrderTest@4d3167f4]" name="testOrderCat" duration-ms="1853" started-at="2019-08-11T15:20:15Z" description="分类排序" finished-at="2019-08-11T15:20:17Z">
          <reporter-output>
          </reporter-output>
        </test-method> <!-- testOrderCat -->
        <test-method status="PASS" signature="tearDown()[pri:0, instance:CatOrderTest@4d3167f4]" name="tearDown" is-config="true" duration-ms="0" started-at="2019-08-11T15:20:17Z" finished-at="2019-08-11T15:20:17Z">
          <reporter-output>
          </reporter-output>
        </test-method> <!-- tearDown -->
      </class> <!-- CatOrderTest -->
      <class name="CatListTest">
        <test-method status="PASS" signature="setUp()[pri:0, instance:CatListTest@76a3e297]" name="setUp" is-config="true" duration-ms="10" started-at="2019-08-11T15:20:14Z" finished-at="2019-08-11T15:20:14Z">
          <reporter-output>
          </reporter-output>
        </test-method> <!-- setUp -->
        <test-method status="PASS" signature="testCatList()[pri:0, instance:CatListTest@76a3e297]" name="testCatList" duration-ms="630" started-at="2019-08-11T15:20:14Z" finished-at="2019-08-11T15:20:15Z">
          <reporter-output>
          </reporter-output>
        </test-method> <!-- testCatList -->
        <test-method status="PASS" signature="tearDown()[pri:0, instance:CatListTest@76a3e297]" name="tearDown" is-config="true" duration-ms="1" started-at="2019-08-11T15:20:15Z" finished-at="2019-08-11T15:20:15Z">
          <reporter-output>
          </reporter-output>
        </test-method> <!-- tearDown -->
      </class> <!-- CatListTest -->
      <class name="CatDeleteTest">
        <test-method status="PASS" signature="setUp()[pri:0, instance:CatDeleteTest@ed9d034]" name="setUp" is-config="true" duration-ms="11" started-at="2019-08-11T15:20:17Z" finished-at="2019-08-11T15:20:17Z">
          <reporter-output>
          </reporter-output>
        </test-method> <!-- setUp -->
        <test-method status="PASS" signature="testDeleteCat()[pri:0, instance:CatDeleteTest@ed9d034]" name="testDeleteCat" duration-ms="38" started-at="2019-08-11T15:20:17Z" description="有子类的父类不能删除" finished-at="2019-08-11T15:20:17Z">
          <reporter-output>
          </reporter-output>
        </test-method> <!-- testDeleteCat -->
        <test-method status="PASS" signature="testDeleteSubCat()[pri:0, instance:CatDeleteTest@ed9d034]" name="testDeleteSubCat" duration-ms="61" started-at="2019-08-11T15:20:17Z" description="删除子类" depends-on-methods="CatDeleteTest.testDeleteCat" finished-at="2019-08-11T15:20:17Z">
          <reporter-output>
          </reporter-output>
        </test-method> <!-- testDeleteSubCat -->
        <test-method status="PASS" signature="tearDown()[pri:0, instance:CatDeleteTest@ed9d034]" name="tearDown" is-config="true" duration-ms="1" started-at="2019-08-11T15:20:17Z" finished-at="2019-08-11T15:20:17Z">
          <reporter-output>
          </reporter-output>
        </test-method> <!-- tearDown -->
      </class> <!-- CatDeleteTest -->
      <class name="CatAddTest">
        <test-method status="PASS" signature="setUp()[pri:0, instance:CatAddTest@63440df3]" name="setUp" is-config="true" duration-ms="10" started-at="2019-08-11T15:20:13Z" finished-at="2019-08-11T15:20:13Z">
          <reporter-output>
          </reporter-output>
        </test-method> <!-- setUp -->
        <test-method status="PASS" signature="testAddCat()[pri:0, instance:CatAddTest@63440df3]" name="testAddCat" duration-ms="411" started-at="2019-08-11T15:20:13Z" description="添加分类" finished-at="2019-08-11T15:20:14Z">
          <reporter-output>
          </reporter-output>
        </test-method> <!-- testAddCat -->
        <test-method status="PASS" signature="testAddsubCat()[pri:0, instance:CatAddTest@63440df3]" name="testAddsubCat" duration-ms="362" started-at="2019-08-11T15:20:14Z" description="添加子类" depends-on-methods="CatAddTest.testAddCat" finished-at="2019-08-11T15:20:14Z">
          <reporter-output>
          </reporter-output>
        </test-method> <!-- testAddsubCat -->
        <test-method status="PASS" signature="tearDown()[pri:0, instance:CatAddTest@63440df3]" name="tearDown" is-config="true" duration-ms="1" started-at="2019-08-11T15:20:14Z" finished-at="2019-08-11T15:20:14Z">
          <reporter-output>
          </reporter-output>
        </test-method> <!-- tearDown -->
      </class> <!-- CatAddTest -->
    </test> <!-- 分类管理 -->
    <test name="品牌管理" duration-ms="524" started-at="2019-08-11T07:20:17Z" finished-at="2019-08-11T07:20:17Z">
      <class name="BrandDeleteTest">
        <test-method status="PASS" signature="setUp()[pri:0, instance:BrandDeleteTest@74ad1f1f]" name="setUp" is-config="true" duration-ms="17" started-at="2019-08-11T15:20:17Z" finished-at="2019-08-11T15:20:17Z">
          <reporter-output>
          </reporter-output>
        </test-method> <!-- setUp -->
        <test-method status="PASS" signature="testDeleteBrand()[pri:0, instance:BrandDeleteTest@74ad1f1f]" name="testDeleteBrand" duration-ms="67" started-at="2019-08-11T15:20:17Z" description="删除品牌" finished-at="2019-08-11T15:20:17Z">
          <reporter-output>
          </reporter-output>
        </test-method> <!-- testDeleteBrand -->
        <test-method status="PASS" signature="tearDown()[pri:0, instance:BrandDeleteTest@74ad1f1f]" name="tearDown" is-config="true" duration-ms="1" started-at="2019-08-11T15:20:17Z" finished-at="2019-08-11T15:20:17Z">
          <reporter-output>
          </reporter-output>
        </test-method> <!-- tearDown -->
      </class> <!-- BrandDeleteTest -->
      <class name="BrandListTest">
        <test-method status="PASS" signature="setUp()[pri:0, instance:BrandListTest@491cc5c9]" name="setUp" is-config="true" duration-ms="9" started-at="2019-08-11T15:20:17Z" finished-at="2019-08-11T15:20:17Z">
          <reporter-output>
          </reporter-output>
        </test-method> <!-- setUp -->
        <test-method status="PASS" signature="testBrandList()[pri:0, instance:BrandListTest@491cc5c9]" name="testBrandList" duration-ms="194" started-at="2019-08-11T15:20:17Z" description="品牌列表" finished-at="2019-08-11T15:20:17Z">
          <reporter-output>
          </reporter-output>
        </test-method> <!-- testBrandList -->
        <test-method status="PASS" signature="testSearchBrand()[pri:0, instance:BrandListTest@491cc5c9]" name="testSearchBrand" duration-ms="58" started-at="2019-08-11T15:20:17Z" description="根据名称搜索" finished-at="2019-08-11T15:20:17Z">
          <reporter-output>
          </reporter-output>
        </test-method> <!-- testSearchBrand -->
        <test-method status="PASS" signature="tearDown()[pri:0, instance:BrandListTest@491cc5c9]" name="tearDown" is-config="true" duration-ms="1" started-at="2019-08-11T15:20:17Z" finished-at="2019-08-11T15:20:17Z">
          <reporter-output>
          </reporter-output>
        </test-method> <!-- tearDown -->
      </class> <!-- BrandListTest -->
      <class name="BrandAddTest">
        <test-method status="PASS" signature="setUp()[pri:0, instance:BrandAddTest@1b26f7b2]" name="setUp" is-config="true" duration-ms="18" started-at="2019-08-11T15:20:17Z" finished-at="2019-08-11T15:20:17Z">
          <reporter-output>
          </reporter-output>
        </test-method> <!-- setUp -->
        <test-method status="PASS" signature="testAddBrand()[pri:0, instance:BrandAddTest@1b26f7b2]" name="testAddBrand" duration-ms="154" started-at="2019-08-11T15:20:17Z" finished-at="2019-08-11T15:20:17Z">
          <reporter-output>
          </reporter-output>
        </test-method> <!-- testAddBrand -->
        <test-method status="PASS" signature="tearDown()[pri:0, instance:BrandAddTest@1b26f7b2]" name="tearDown" is-config="true" duration-ms="0" started-at="2019-08-11T15:20:17Z" finished-at="2019-08-11T15:20:17Z">
          <reporter-output>
          </reporter-output>
        </test-method> <!-- tearDown -->
      </class> <!-- BrandAddTest -->
    </test> <!-- 品牌管理 -->
    <test name="类型管理" duration-ms="1177" started-at="2019-08-11T07:20:17Z" finished-at="2019-08-11T07:20:19Z">
      <class name="TypeAddTest">
        <test-method status="PASS" signature="setUp()[pri:0, instance:TypeAddTest@4671e53b]" name="setUp" is-config="true" duration-ms="11" started-at="2019-08-11T15:20:17Z" finished-at="2019-08-11T15:20:17Z">
          <reporter-output>
          </reporter-output>
        </test-method> <!-- setUp -->
        <test-method status="PASS" signature="testAddType()[pri:0, instance:TypeAddTest@4671e53b]" name="testAddType" duration-ms="265" started-at="2019-08-11T15:20:17Z" description="添加类型" finished-at="2019-08-11T15:20:18Z">
          <reporter-output>
          </reporter-output>
        </test-method> <!-- testAddType -->
        <test-method status="PASS" signature="tearDown()[pri:0, instance:TypeAddTest@4671e53b]" name="tearDown" is-config="true" duration-ms="1" started-at="2019-08-11T15:20:18Z" finished-at="2019-08-11T15:20:18Z">
          <reporter-output>
          </reporter-output>
        </test-method> <!-- tearDown -->
      </class> <!-- TypeAddTest -->
      <class name="TypeListTest">
        <test-method status="PASS" signature="setUp()[pri:0, instance:TypeListTest@6950e31]" name="setUp" is-config="true" duration-ms="12" started-at="2019-08-11T15:20:18Z" finished-at="2019-08-11T15:20:18Z">
          <reporter-output>
          </reporter-output>
        </test-method> <!-- setUp -->
        <test-method status="PASS" signature="testTypeList()[pri:0, instance:TypeListTest@6950e31]" name="testTypeList" duration-ms="155" started-at="2019-08-11T15:20:18Z" description="类型列表" finished-at="2019-08-11T15:20:19Z">
          <reporter-output>
          </reporter-output>
        </test-method> <!-- testTypeList -->
        <test-method status="PASS" signature="tearDown()[pri:0, instance:TypeListTest@6950e31]" name="tearDown" is-config="true" duration-ms="1" started-at="2019-08-11T15:20:19Z" finished-at="2019-08-11T15:20:19Z">
          <reporter-output>
          </reporter-output>
        </test-method> <!-- tearDown -->
      </class> <!-- TypeListTest -->
      <class name="TypeSetTest">
        <test-method status="PASS" signature="setUp()[pri:0, instance:TypeSetTest@2db7a79b]" name="setUp" is-config="true" duration-ms="9" started-at="2019-08-11T15:20:18Z" finished-at="2019-08-11T15:20:18Z">
          <reporter-output>
          </reporter-output>
        </test-method> <!-- setUp -->
        <test-method status="PASS" signature="testSaveBrand()[pri:0, instance:TypeSetTest@2db7a79b]" name="testSaveBrand" duration-ms="290" started-at="2019-08-11T15:20:18Z" finished-at="2019-08-11T15:20:18Z">
          <reporter-output>
          </reporter-output>
        </test-method> <!-- testSaveBrand -->
        <test-method status="PASS" signature="testSaveParam()[pri:0, instance:TypeSetTest@2db7a79b]" name="testSaveParam" duration-ms="198" started-at="2019-08-11T15:20:18Z" description="修改参数" finished-at="2019-08-11T15:20:18Z">
          <reporter-output>
          </reporter-output>
        </test-method> <!-- testSaveParam -->
        <test-method status="PASS" signature="testSaveProps()[pri:0, instance:TypeSetTest@2db7a79b]" name="testSaveProps" duration-ms="231" started-at="2019-08-11T15:20:18Z" description="属性" finished-at="2019-08-11T15:20:18Z">
          <reporter-output>
          </reporter-output>
        </test-method> <!-- testSaveProps -->
        <test-method status="PASS" signature="tearDown()[pri:0, instance:TypeSetTest@2db7a79b]" name="tearDown" is-config="true" duration-ms="1" started-at="2019-08-11T15:20:18Z" finished-at="2019-08-11T15:20:18Z">
          <reporter-output>
          </reporter-output>
        </test-method> <!-- tearDown -->
      </class> <!-- TypeSetTest -->
    </test> <!-- 类型管理 -->
    <test name="促销" duration-ms="1419" started-at="2019-08-11T07:20:19Z" finished-at="2019-08-11T07:20:20Z">
      <class name="BonusAddTest">
        <test-method status="PASS" signature="setUp()[pri:0, instance:BonusAddTest@64f6106c]" name="setUp" is-config="true" duration-ms="13" started-at="2019-08-11T15:20:19Z" finished-at="2019-08-11T15:20:19Z">
          <reporter-output>
          </reporter-output>
        </test-method> <!-- setUp -->
        <test-method status="PASS" signature="testAddBonus()[pri:0, instance:BonusAddTest@64f6106c]" name="testAddBonus" duration-ms="166" started-at="2019-08-11T15:20:19Z" description="新增优惠券" finished-at="2019-08-11T15:20:19Z">
          <reporter-output>
          </reporter-output>
        </test-method> <!-- testAddBonus -->
        <test-method status="PASS" signature="tearDown()[pri:0, instance:BonusAddTest@64f6106c]" name="tearDown" is-config="true" duration-ms="1" started-at="2019-08-11T15:20:19Z" finished-at="2019-08-11T15:20:19Z">
          <reporter-output>
          </reporter-output>
        </test-method> <!-- tearDown -->
      </class> <!-- BonusAddTest -->
      <class name="BonusDeleteTest">
        <test-method status="PASS" signature="setUp()[pri:0, instance:BonusDeleteTest@5891e32e]" name="setUp" is-config="true" duration-ms="10" started-at="2019-08-11T15:20:20Z" finished-at="2019-08-11T15:20:20Z">
          <reporter-output>
          </reporter-output>
        </test-method> <!-- setUp -->
        <test-method status="PASS" signature="testDeleteBonus()[pri:0, instance:BonusDeleteTest@5891e32e]" name="testDeleteBonus" duration-ms="167" started-at="2019-08-11T15:20:20Z" finished-at="2019-08-11T15:20:20Z">
          <reporter-output>
          </reporter-output>
        </test-method> <!-- testDeleteBonus -->
        <test-method status="PASS" signature="tearDown()[pri:0, instance:BonusDeleteTest@5891e32e]" name="tearDown" is-config="true" duration-ms="0" started-at="2019-08-11T15:20:20Z" finished-at="2019-08-11T15:20:20Z">
          <reporter-output>
          </reporter-output>
        </test-method> <!-- tearDown -->
      </class> <!-- BonusDeleteTest -->
      <class name="BonusListTest">
        <test-method status="PASS" signature="setUp()[pri:0, instance:BonusListTest@7a30d1e6]" name="setUp" is-config="true" duration-ms="10" started-at="2019-08-11T15:20:20Z" finished-at="2019-08-11T15:20:20Z">
          <reporter-output>
          </reporter-output>
        </test-method> <!-- setUp -->
        <test-method status="PASS" signature="testBonusList()[pri:0, instance:BonusListTest@7a30d1e6]" name="testBonusList" duration-ms="92" started-at="2019-08-11T15:20:20Z" description="优惠券列表" finished-at="2019-08-11T15:20:20Z">
          <reporter-output>
          </reporter-output>
        </test-method> <!-- testBonusList -->
        <test-method status="PASS" signature="tearDown()[pri:0, instance:BonusListTest@7a30d1e6]" name="tearDown" is-config="true" duration-ms="1" started-at="2019-08-11T15:20:20Z" finished-at="2019-08-11T15:20:20Z">
          <reporter-output>
          </reporter-output>
        </test-method> <!-- tearDown -->
      </class> <!-- BonusListTest -->
      <class name="BonusOperationTest">
        <test-method status="PASS" signature="setUp()[pri:0, instance:BonusOperationTest@553a3d88]" name="setUp" is-config="true" duration-ms="10" started-at="2019-08-11T15:20:19Z" finished-at="2019-08-11T15:20:19Z">
          <reporter-output>
          </reporter-output>
        </test-method> <!-- setUp -->
        <test-method status="PASS" signature="testSendBonusByMem()[pri:0, instance:BonusOperationTest@553a3d88]" name="testSendBonusByMem" duration-ms="474" started-at="2019-08-11T15:20:19Z" description="按用户发放优惠券" finished-at="2019-08-11T15:20:19Z">
          <reporter-output>
          </reporter-output>
        </test-method> <!-- testSendBonusByMem -->
        <test-method status="PASS" signature="testSendBonusByMemLv()[pri:0, instance:BonusOperationTest@553a3d88]" name="testSendBonusByMemLv" duration-ms="402" started-at="2019-08-11T15:20:19Z" description="按用户等级发放优惠券" finished-at="2019-08-11T15:20:20Z">
          <reporter-output>
          </reporter-output>
        </test-method> <!-- testSendBonusByMemLv -->
        <test-method status="PASS" signature="testViewBonusDetail()[pri:0, instance:BonusOperationTest@553a3d88]" name="testViewBonusDetail" duration-ms="70" started-at="2019-08-11T15:20:20Z" description="查看红包详情" finished-at="2019-08-11T15:20:20Z">
          <reporter-output>
          </reporter-output>
        </test-method> <!-- testViewBonusDetail -->
        <test-method status="PASS" signature="tearDown()[pri:0, instance:BonusOperationTest@553a3d88]" name="tearDown" is-config="true" duration-ms="1" started-at="2019-08-11T15:20:20Z" finished-at="2019-08-11T15:20:20Z">
          <reporter-output>
          </reporter-output>
        </test-method> <!-- tearDown -->
      </class> <!-- BonusOperationTest -->
    </test> <!-- 促销 -->
  </suite> <!-- Suite -->
</testng-results>
